Vivado Simulator 2015.4
Copyright 1986-1999, 2001-2015 Xilinx, Inc. All Rights Reserved.
Running: C:/Xilinx/Vivado/2015.4/bin/unwrapped/win64.o/xelab.exe -wto 4c3f30fbc8b04c56a8cf5251676527d8 --debug typical --relax --mt 2 -L xil_defaultlib -L unisims_ver -L unimacro_ver -L secureip --snapshot benchtest_behav xil_defaultlib.benchtest xil_defaultlib.glbl -log elaborate.log 
Using 2 slave threads.
Starting static elaboration
WARNING: [VRFC 10-278] actual bit length 32 differs from formal bit length 5 for port address [C:/Users/alejandroe/Desktop/project update/project_1/project_1.srcs/sources_1/new/top.v:22]
WARNING: [VRFC 10-278] actual bit length 32 differs from formal bit length 64 for port out [C:/Users/alejandroe/Desktop/project update/project_1/project_1.srcs/sources_1/new/top.v:27]
WARNING: [VRFC 10-278] actual bit length 32 differs from formal bit length 64 for port a [C:/Users/alejandroe/Desktop/project update/project_1/project_1.srcs/sources_1/new/ALU.v:10]
WARNING: [VRFC 10-278] actual bit length 32 differs from formal bit length 1 for port cin [C:/Users/alejandroe/Desktop/project update/project_1/project_1.srcs/sources_1/new/ALU.v:11]
WARNING: [VRFC 10-278] actual bit length 5 differs from formal bit length 32 for port IN0 [C:/Users/alejandroe/Desktop/project update/project_1/project_1.srcs/sources_1/new/top.v:29]
Completed static elaboration
Starting simulation data flow analysis
WARNING: [XSIM 43-4100] "C:/Users/alejandroe/Desktop/project update/project_1/project_1.srcs/sources_1/new/top.v" Line 2. Module top has a timescale but at least one module in design doesn't have timescale.
WARNING: [XSIM 43-4100] "C:/Users/alejandroe/Desktop/project update/project_1/project_1.srcs/sources_1/new/MIPS_registerfile.v" Line 2. Module MIPS_registerfile has a timescale but at least one module in design doesn't have timescale.
WARNING: [XSIM 43-4100] "C:/Users/alejandroe/Desktop/project update/project_1/project_1.srcs/sources_1/new/adder.v" Line 2. Module adder_default has a timescale but at least one module in design doesn't have timescale.
WARNING: [XSIM 43-4100] "C:/Users/alejandroe/Desktop/project update/project_1/project_1.srcs/sources_1/new/halfAdder.v" Line 2. Module halfAdder has a timescale but at least one module in design doesn't have timescale.
WARNING: [XSIM 43-4100] "C:/Users/alejandroe/Desktop/project update/project_1/project_1.srcs/sources_1/new/fullAdder.v" Line 2. Module fullAdder has a timescale but at least one module in design doesn't have timescale.
WARNING: [XSIM 43-4100] "C:/Users/alejandroe/Desktop/project update/project_1/project_1.srcs/sources_1/new/fullAdder.v" Line 2. Module fullAdder has a timescale but at least one module in design doesn't have timescale.
WARNING: [XSIM 43-4100] "C:/Users/alejandroe/Desktop/project update/project_1/project_1.srcs/sources_1/new/fullAdder.v" Line 2. Module fullAdder has a timescale but at least one module in design doesn't have timescale.
WARNING: [XSIM 43-4100] "C:/Users/alejandroe/Desktop/project update/project_1/project_1.srcs/sources_1/new/fullAdder.v" Line 2. Module fullAdder has a timescale but at least one module in design doesn't have timescale.
WARNING: [XSIM 43-4100] "C:/Users/alejandroe/Desktop/project update/project_1/project_1.srcs/sources_1/new/fullAdder.v" Line 2. Module fullAdder has a timescale but at least one module in design doesn't have timescale.
WARNING: [XSIM 43-4100] "C:/Users/alejandroe/Desktop/project update/project_1/project_1.srcs/sources_1/new/fullAdder.v" Line 2. Module fullAdder has a timescale but at least one module in design doesn't have timescale.
WARNING: [XSIM 43-4100] "C:/Users/alejandroe/Desktop/project update/project_1/project_1.srcs/sources_1/new/fullAdder.v" Line 2. Module fullAdder has a timescale but at least one module in design doesn't have timescale.
WARNING: [XSIM 43-4100] "C:/Users/alejandroe/Desktop/project update/project_1/project_1.srcs/sources_1/new/fullAdder.v" Line 2. Module fullAdder has a timescale but at least one module in design doesn't have timescale.
WARNING: [XSIM 43-4100] "C:/Users/alejandroe/Desktop/project update/project_1/project_1.srcs/sources_1/new/fullAdder.v" Line 2. Module fullAdder has a timescale but at least one module in design doesn't have timescale.
WARNING: [XSIM 43-4100] "C:/Users/alejandroe/Desktop/project update/project_1/project_1.srcs/sources_1/new/fullAdder.v" Line 2. Module fullAdder has a timescale but at least one module in design doesn't have timescale.
WARNING: [XSIM 43-4100] "C:/Users/alejandroe/Desktop/project update/project_1/project_1.srcs/sources_1/new/fullAdder.v" Line 2. Module fullAdder has a timescale but at least one module in design doesn't have timescale.
WARNING: [XSIM 43-4100] "C:/Users/alejandroe/Desktop/project update/project_1/project_1.srcs/sources_1/new/fullAdder.v" Line 2. Module fullAdder has a timescale but at least one module in design doesn't have timescale.
WARNING: [XSIM 43-4100] "C:/Users/alejandroe/Desktop/project update/project_1/project_1.srcs/sources_1/new/fullAdder.v" Line 2. Module fullAdder has a timescale but at least one module in design doesn't have timescale.
WARNING: [XSIM 43-4100] "C:/Users/alejandroe/Desktop/project update/project_1/project_1.srcs/sources_1/new/fullAdder.v" Line 2. Module fullAdder has a timescale but at least one module in design doesn't have timescale.
WARNING: [XSIM 43-4100] "C:/Users/alejandroe/Desktop/project update/project_1/project_1.srcs/sources_1/new/fullAdder.v" Line 2. Module fullAdder has a timescale but at least one module in design doesn't have timescale.
WARNING: [XSIM 43-4100] "C:/Users/alejandroe/Desktop/project update/project_1/project_1.srcs/sources_1/new/fullAdder.v" Line 2. Module fullAdder has a timescale but at least one module in design doesn't have timescale.
WARNING: [XSIM 43-4100] "C:/Users/alejandroe/Desktop/project update/project_1/project_1.srcs/sources_1/new/fullAdder.v" Line 2. Module fullAdder has a timescale but at least one module in design doesn't have timescale.
WARNING: [XSIM 43-4100] "C:/Users/alejandroe/Desktop/project update/project_1/project_1.srcs/sources_1/new/fullAdder.v" Line 2. Module fullAdder has a timescale but at least one module in design doesn't have timescale.
WARNING: [XSIM 43-4100] "C:/Users/alejandroe/Desktop/project update/project_1/project_1.srcs/sources_1/new/fullAdder.v" Line 2. Module fullAdder has a timescale but at least one module in design doesn't have timescale.
WARNING: [XSIM 43-4100] "C:/Users/alejandroe/Desktop/project update/project_1/project_1.srcs/sources_1/new/fullAdder.v" Line 2. Module fullAdder has a timescale but at least one module in design doesn't have timescale.
WARNING: [XSIM 43-4100] "C:/Users/alejandroe/Desktop/project update/project_1/project_1.srcs/sources_1/new/fullAdder.v" Line 2. Module fullAdder has a timescale but at least one module in design doesn't have timescale.
WARNING: [XSIM 43-4100] "C:/Users/alejandroe/Desktop/project update/project_1/project_1.srcs/sources_1/new/fullAdder.v" Line 2. Module fullAdder has a timescale but at least one module in design doesn't have timescale.
WARNING: [XSIM 43-4100] "C:/Users/alejandroe/Desktop/project update/project_1/project_1.srcs/sources_1/new/fullAdder.v" Line 2. Module fullAdder has a timescale but at least one module in design doesn't have timescale.
WARNING: [XSIM 43-4100] "C:/Users/alejandroe/Desktop/project update/project_1/project_1.srcs/sources_1/new/fullAdder.v" Line 2. Module fullAdder has a timescale but at least one module in design doesn't have timescale.
WARNING: [XSIM 43-4100] "C:/Users/alejandroe/Desktop/project update/project_1/project_1.srcs/sources_1/new/fullAdder.v" Line 2. Module fullAdder has a timescale but at least one module in design doesn't have timescale.
WARNING: [XSIM 43-4100] "C:/Users/alejandroe/Desktop/project update/project_1/project_1.srcs/sources_1/new/fullAdder.v" Line 2. Module fullAdder has a timescale but at least one module in design doesn't have timescale.
WARNING: [XSIM 43-4100] "C:/Users/alejandroe/Desktop/project update/project_1/project_1.srcs/sources_1/new/fullAdder.v" Line 2. Module fullAdder has a timescale but at least one module in design doesn't have timescale.
WARNING: [XSIM 43-4100] "C:/Users/alejandroe/Desktop/project update/project_1/project_1.srcs/sources_1/new/fullAdder.v" Line 2. Module fullAdder has a timescale but at least one module in design doesn't have timescale.
WARNING: [XSIM 43-4100] "C:/Users/alejandroe/Desktop/project update/project_1/project_1.srcs/sources_1/new/fullAdder.v" Line 2. Module fullAdder has a timescale but at least one module in design doesn't have timescale.
WARNING: [XSIM 43-4100] "C:/Users/alejandroe/Desktop/project update/project_1/project_1.srcs/sources_1/new/fullAdder.v" Line 2. Module fullAdder has a timescale but at least one module in design doesn't have timescale.
WARNING: [XSIM 43-4100] "C:/Users/alejandroe/Desktop/project update/project_1/project_1.srcs/sources_1/new/fullAdder.v" Line 2. Module fullAdder has a timescale but at least one module in design doesn't have timescale.
WARNING: [XSIM 43-4100] "C:/Users/alejandroe/Desktop/project update/project_1/project_1.srcs/sources_1/new/fullAdder.v" Line 2. Module fullAdder has a timescale but at least one module in design doesn't have timescale.
WARNING: [XSIM 43-4100] "C:/Users/alejandroe/Desktop/project update/project_1/project_1.srcs/sources_1/new/fullAdder.v" Line 2. Module fullAdder has a timescale but at least one module in design doesn't have timescale.
WARNING: [XSIM 43-4100] "C:/Users/alejandroe/Desktop/project update/project_1/project_1.srcs/sources_1/new/fullAdder.v" Line 2. Module fullAdder has a timescale but at least one module in design doesn't have timescale.
WARNING: [XSIM 43-4100] "C:/Users/alejandroe/Desktop/project update/project_1/project_1.srcs/sources_1/new/fullAdder.v" Line 2. Module fullAdder has a timescale but at least one module in design doesn't have timescale.
WARNING: [XSIM 43-4100] "C:/Users/alejandroe/Desktop/project update/project_1/project_1.srcs/sources_1/new/fullAdder.v" Line 2. Module fullAdder has a timescale but at least one module in design doesn't have timescale.
WARNING: [XSIM 43-4100] "C:/Users/alejandroe/Desktop/project update/project_1/project_1.srcs/sources_1/new/fullAdder.v" Line 2. Module fullAdder has a timescale but at least one module in design doesn't have timescale.
WARNING: [XSIM 43-4100] "C:/Users/alejandroe/Desktop/project update/project_1/project_1.srcs/sources_1/new/fullAdder.v" Line 2. Module fullAdder has a timescale but at least one module in design doesn't have timescale.
WARNING: [XSIM 43-4100] "C:/Users/alejandroe/Desktop/project update/project_1/project_1.srcs/sources_1/new/fullAdder.v" Line 2. Module fullAdder has a timescale but at least one module in design doesn't have timescale.
WARNING: [XSIM 43-4100] "C:/Users/alejandroe/Desktop/project update/project_1/project_1.srcs/sources_1/new/fullAdder.v" Line 2. Module fullAdder has a timescale but at least one module in design doesn't have timescale.
WARNING: [XSIM 43-4100] "C:/Users/alejandroe/Desktop/project update/project_1/project_1.srcs/sources_1/new/fullAdder.v" Line 2. Module fullAdder has a timescale but at least one module in design doesn't have timescale.
WARNING: [XSIM 43-4100] "C:/Users/alejandroe/Desktop/project update/project_1/project_1.srcs/sources_1/new/fullAdder.v" Line 2. Module fullAdder has a timescale but at least one module in design doesn't have timescale.
WARNING: [XSIM 43-4100] "C:/Users/alejandroe/Desktop/project update/project_1/project_1.srcs/sources_1/new/fullAdder.v" Line 2. Module fullAdder has a timescale but at least one module in design doesn't have timescale.
WARNING: [XSIM 43-4100] "C:/Users/alejandroe/Desktop/project update/project_1/project_1.srcs/sources_1/new/fullAdder.v" Line 2. Module fullAdder has a timescale but at least one module in design doesn't have timescale.
WARNING: [XSIM 43-4100] "C:/Users/alejandroe/Desktop/project update/project_1/project_1.srcs/sources_1/new/fullAdder.v" Line 2. Module fullAdder has a timescale but at least one module in design doesn't have timescale.
WARNING: [XSIM 43-4100] "C:/Users/alejandroe/Desktop/project update/project_1/project_1.srcs/sources_1/new/fullAdder.v" Line 2. Module fullAdder has a timescale but at least one module in design doesn't have timescale.
INFO: [Common 17-14] Message 'XSIM 43-4100' appears 50 times and further instances of the messages will be disabled. Use the Tcl command set_msg_config to change the current settings.
Completed simulation data flow analysis
Time Resolution for simulation is 1ps
Compiling module xil_defaultlib.MIPS_instr_mem
Compiling module xil_defaultlib.control
Compiling module xil_defaultlib.MIPS_registerfile
Compiling module xil_defaultlib.memory
Compiling module xil_defaultlib.signExt
Compiling module xil_defaultlib.ALUcontrol
Compiling module xil_defaultlib.halfAdder
Compiling module xil_defaultlib.fullAdder
Compiling module xil_defaultlib.adder_default
Compiling module xil_defaultlib.subtractor
Compiling module xil_defaultlib.multiplier
Compiling module xil_defaultlib.ALU
Compiling module xil_defaultlib.mux2_1
Compiling module xil_defaultlib.top
Compiling module xil_defaultlib.benchtest
Compiling module xil_defaultlib.glbl
Built simulation snapshot benchtest_behav
